<?xml version="1.0" encoding="UTF-8"?>
<testsuite name="com.kodilla.patterns.factory.ShapeFactoryTestSuite" tests="3" skipped="0" failures="0" errors="0" timestamp="2019-03-21T17:10:40" hostname="ACER-Komputer" time="0.017">
  <properties/>
  <testcase name="testFactoryCircle" classname="com.kodilla.patterns.factory.ShapeFactoryTestSuite" time="0.009"/>
  <testcase name="testFactorySquare" classname="com.kodilla.patterns.factory.ShapeFactoryTestSuite" time="0.003"/>
  <testcase name="testFactoryRectangle" classname="com.kodilla.patterns.factory.ShapeFactoryTestSuite" time="0.004"/>
  <system-out><![CDATA[]]></system-out>
  <system-err><![CDATA[]]></system-err>
</testsuite>
